3 : 9 2 4 1 : 9
102 : 10404 72 144 36 : 10413
130 : 16900 75 225 25 : 27313
312 : 97344 92 1058 8 : 124657
759 : 576081 360 1600 81 : 700738
2496 : 6230016 1472 4232 512 : 6930754
2706 : 7322436 2420 3025 1936 : 14253190
3465 : 12006225 2450 4900 1225 : 26259415
6072 : 36869184 5760 6400 5184 : 63128599
6111 : 37344321 5292 7056 3969 : 100472920
8424 : 70963776 7452 9522 5832 : 171436696
14004 : 196112016 4392 44652 432 : 367548712
16005 : 256160025 6534 39204 1089 : 623708737
36897 : 1361388609 30870 44100 21609 : 1985097346
37156 : 1380568336 25872 53361 12544 : 3365665682
92385 : 8534988225 75600 112896 50625 : 11900653907
98640 : 9729849600 78975 123201 50625 : 21630503507
112032 : 12551169024 70272 178608 27648 : 34181672531
117708 : 13855173264 83232 166464 41616 : 48036845795
128040 : 16394241600 104544 156816 69696 : 64431087395
351260 : 123383587600 202800 608400 67600 : 187814674995
378108 : 142965659664 355752 401868 314928 : 330780334659
740050 : 547674002500 658464 831744 521284 : 878454337159
878454337159
