776
pgNtDJeBjnxDxkdKTyGhMF{pinIdypWSOUfCqFLWuvYFKvsuczNxgRvHuOZmmouJucHj[
DlhLwnSocm 
crMCltuwhvqjEnDpeIeKjbFdCNEzsNkZhepYP[uD[mlkVwXt[NiLjoNxgPTSVSivgWtjRd
NQjjePpQrE 
RjGKobNUvWdXqnWbqWbSSpizKcDDKyGTIruwbqSmioKDG{YiGMhlSroLOFpRHhIjMMCBWd
sdlDPUK[nF 
DsMyjPOG{XClqcsBWzKOxsVIejVqCMyOebKeRqRFc[GgHbDxCtMrrnEdfbsRXCGgWrvjOT
OWXBCMIynt 
cQRgUvUYMePMdJnXljKfNkpWGNPRHGbgOMD[qwQERqoXgoEQipSzXmLiGHeofoubFLcEEL
FqPD[bRoTM 
MToRb[DPqFLEEcLFbuofoeHGiLmXzSpiQEogXoqREQwq[DMOgbGHRPNGWpkNfKjlXnJdMP
eMYUvUgRQc 
tnyIMCBXWOTOjvrWgGCXRsbfdEnrrMtCxDbHgG[cFRqReKbeOyMCqVjeIVsxOKzWBscqlC
X{GOPjyMsD 
Fn[KUPDldsdWBCMMjIhHRpFOLorSlhMGiY{GDKoimSqbwurITGyKDDcKzipSSbWqbWnqXd
WvUNboKGjR 
ErQpPejjQNdRjtWgviSVSTPgxNojLiN[tXwVklm[Du[PYpehZkNszENCdFbjKeIepDnEjq
vhwutlCMrc 
mcoSnwLhlD[jHcuJuommZOuHvRgxNzcusvKFYvuWLFqCfUOSWpydInip{FMhGyTKdkxDxn
jBeJDtNgp
