0 1 0
1 2 1
2 3 3
3 4 6
4 5 10
5 6 15
6 7 21
7 2 28
8 4 30
9 6 34
10 8 40
11 10 48
12 12 58
13 14 70
14 3 84
15 6 87
16 9 93
17 12 102
18 15 114
19 18 129
20 21 147
21 4 168
22 8 172
23 12 180
24 16 192
25 20 208
26 24 228
27 28 252
28 5 280
29 10 285
30 15 295
31 20 310
32 25 330
33 30 355
34 35 385
35 6 420
36 12 426
37 18 438
38 24 456
39 30 480
40 36 510
41 42 546
42 7 588
43 14 595
44 21 609
45 28 630
46 35 658
47 42 693
48 49 735
49 2 784
50 4 786
51 6 790
52 8 796
53 10 804
54 12 814
55 14 826
56 4 840
57 8 844
58 12 852
59 16 864
60 20 880
61 24 900
62 28 924
63 6 952
64 12 958
65 18 970
66 24 988
67 30 1012
68 36 1042
69 42 1078
70 8 1120
71 16 1128
72 24 1144
73 32 1168
74 40 1200
75 48 1240
76 56 1288
77 10 1344
78 20 1354
79 30 1374
80 40 1404
81 50 1444
82 60 1494
83 70 1554
84 12 1624
85 24 1636
86 36 1660
87 48 1696
88 60 1744
89 72 1804
90 84 1876
91 14 1960
92 28 1974
93 42 2002
94 56 2044
95 70 2100
96 84 2170
97 98 2254
98 3 2352
99 6 2355
100 9 2361
101 12 2370
102 15 2382
103 18 2397
104 21 2415
105 6 2436
106 12 2442
107 18 2454
108 24 2472
109 30 2496
110 36 2526
111 42 2562
112 9 2604
113 18 2613
114 27 2631
115 36 2658
116 45 2694
117 54 2739
118 63 2793
119 12 2856
120 24 2868
121 36 2892
122 48 2928
123 60 2976
124 72 3036
125 84 3108
126 15 3192
127 30 3207
128 45 3237
129 60 3282
130 75 3342
131 90 3417
132 105 3507
133 18 3612
134 36 3630
135 54 3666
136 72 3720
137 90 3792
138 108 3882
139 126 3990
140 21 4116
141 42 4137
142 63 4179
143 84 4242
144 105 4326
145 126 4431
146 147 4557
147 4 4704
148 8 4708
149 12 4716
150 16 4728
151 20 4744
152 24 4764
153 28 4788
154 8 4816
155 16 4824
156 24 4840
157 32 4864
158 40 4896
159 48 4936
160 56 4984
161 12 5040
162 24 5052
163 36 5076
164 48 5112
165 60 5160
166 72 5220
167 84 5292
168 16 5376
169 32 5392
170 48 5424
171 64 5472
172 80 5536
173 96 5616
174 112 5712
175 20 5824
176 40 5844
177 60 5884
178 80 5944
179 100 6024
180 120 6124
181 140 6244
182 24 6384
183 48 6408
184 72 6456
185 96 6528
186 120 6624
187 144 6744
188 168 6888
189 28 7056
190 56 7084
191 84 7140
192 112 7224
193 140 7336
194 168 7476
195 196 7644
196 5 7840
197 10 7845
198 15 7855
199 20 7870
200 25 7890
201 30 7915
202 35 7945
203 10 7980
204 20 7990
205 30 8010
206 40 8040
207 50 8080
208 60 8130
209 70 8190
210 15 8260
211 30 8275
212 45 8305
213 60 8350
214 75 8410
215 90 8485
216 105 8575
217 20 8680
218 40 8700
219 60 8740
220 80 8800
221 100 8880
222 120 8980
223 140 9100
224 25 9240
225 50 9265
226 75 9315
227 100 9390
228 125 9490
229 150 9615
230 175 9765
231 30 9940
232 60 9970
233 90 10030
234 120 10120
235 150 10240
236 180 10390
237 210 10570
238 35 10780
239 70 10815
240 105 10885
241 140 10990
242 175 11130
243 210 11305
244 245 11515
245 6 11760
246 12 11766
247 18 11778
248 24 11796
249 30 11820
250 36 11850
251 42 11886
252 12 11928
253 24 11940
254 36 11964
255 48 12000
256 60 12048
257 72 12108
258 84 12180
259 18 12264
260 36 12282
261 54 12318
262 72 12372
263 90 12444
264 108 12534
265 126 12642
266 24 12768
267 48 12792
268 72 12840
269 96 12912
270 120 13008
271 144 13128
272 168 13272
273 30 13440
274 60 13470
275 90 13530
276 120 13620
277 150 13740
278 180 13890
279 210 14070
280 36 14280
281 72 14316
282 108 14388
283 144 14496
284 180 14640
285 216 14820
286 252 15036
287 42 15288
288 84 15330
289 126 15414
290 168 15540
291 210 15708
292 252 15918
293 294 16170
294 7 16464
295 14 16471
296 21 16485
297 28 16506
298 35 16534
299 42 16569
300 49 16611
301 14 16660
302 28 16674
303 42 16702
304 56 16744
305 70 16800
306 84 16870
307 98 16954
308 21 17052
309 42 17073
310 63 17115
311 84 17178
312 105 17262
313 126 17367
314 147 17493
315 28 17640
316 56 17668
317 84 17724
318 112 17808
319 140 17920
320 168 18060
321 196 18228
322 35 18424
323 70 18459
324 105 18529
325 140 18634
326 175 18774
327 210 18949
328 245 19159
329 42 19404
330 84 19446
331 126 19530
332 168 19656
333 210 19824
334 252 20034
335 294 20286
336 49 20580
337 98 20629
338 147 20727
339 196 20874
340 245 21070
341 294 21315
342 343 21609
343 2 21952
344 4 21954
345 6 21958
346 8 21964
347 10 21972
348 12 21982
349 14 21994
350 4 22008
351 8 22012
352 12 22020
353 16 22032
354 20 22048
355 24 22068
356 28 22092
357 6 22120
358 12 22126
359 18 22138
360 24 22156
361 30 22180
362 36 22210
363 42 22246
364 8 22288
365 16 22296
366 24 22312
367 32 22336
368 40 22368
369 48 22408
370 56 22456
371 10 22512
372 20 22522
373 30 22542
374 40 22572
375 50 22612
376 60 22662
377 70 22722
378 12 22792
379 24 22804
380 36 22828
381 48 22864
382 60 22912
383 72 22972
384 84 23044
385 14 23128
386 28 23142
387 42 23170
388 56 23212
389 70 23268
390 84 23338
391 98 23422
392 4 23520
393 8 23524
394 12 23532
395 16 23544
396 20 23560
397 24 23580
398 28 23604
399 8 23632
400 16 23640
401 24 23656
402 32 23680
403 40 23712
404 48 23752
405 56 23800
406 12 23856
407 24 23868
408 36 23892
409 48 23928
410 60 23976
411 72 24036
412 84 24108
413 16 24192
414 32 24208
415 48 24240
416 64 24288
417 80 24352
418 96 24432
419 112 24528
420 20 24640
421 40 24660
422 60 24700
423 80 24760
424 100 24840
425 120 24940
426 140 25060
427 24 25200
428 48 25224
429 72 25272
430 96 25344
431 120 25440
432 144 25560
433 168 25704
434 28 25872
435 56 25900
436 84 25956
437 112 26040
438 140 26152
439 168 26292
440 196 26460
441 6 26656
442 12 26662
443 18 26674
444 24 26692
445 30 26716
446 36 26746
447 42 26782
448 12 26824
449 24 26836
450 36 26860
451 48 26896
452 60 26944
453 72 27004
454 84 27076
455 18 27160
456 36 27178
457 54 27214
458 72 27268
459 90 27340
460 108 27430
461 126 27538
462 24 27664
463 48 27688
464 72 27736
465 96 27808
466 120 27904
467 144 28024
468 168 28168
469 30 28336
470 60 28366
471 90 28426
472 120 28516
473 150 28636
474 180 28786
475 210 28966
476 36 29176
477 72 29212
478 108 29284
479 144 29392
480 180 29536
481 216 29716
482 252 29932
483 42 30184
484 84 30226
485 126 30310
486 168 30436
487 210 30604
488 252 30814
489 294 31066
490 8 31360
491 16 31368
492 24 31384
493 32 31408
494 40 31440
495 48 31480
496 56 31528
497 16 31584
498 32 31600
499 48 31632
500 64 31680
501 80 31744
502 96 31824
503 112 31920
504 24 32032
505 48 32056
506 72 32104
507 96 32176
508 120 32272
509 144 32392
510 168 32536
511 32 32704
512 64 32736
513 96 32800
514 128 32896
515 160 33024
516 192 33184
517 224 33376
518 40 33600
519 80 33640
520 120 33720
521 160 33840
522 200 34000
523 240 34200
524 280 34440
525 48 34720
526 96 34768
527 144 34864
528 192 35008
529 240 35200
530 288 35440
531 336 35728
532 56 36064
533 112 36120
534 168 36232
535 224 36400
536 280 36624
537 336 36904
538 392 37240
539 10 37632
540 20 37642
541 30 37662
542 40 37692
543 50 37732
544 60 37782
545 70 37842
546 20 37912
547 40 37932
548 60 37972
549 80 38032
550 100 38112
551 120 38212
552 140 38332
553 30 38472
554 60 38502
555 90 38562
556 120 38652
557 150 38772
558 180 38922
559 210 39102
560 40 39312
561 80 39352
562 120 39432
563 160 39552
564 200 39712
565 240 39912
566 280 40152
567 50 40432
568 100 40482
569 150 40582
570 200 40732
571 250 40932
572 300 41182
573 350 41482
574 60 41832
575 120 41892
576 180 42012
577 240 42192
578 300 42432
579 360 42732
580 420 43092
581 70 43512
582 140 43582
583 210 43722
584 280 43932
585 350 44212
586 420 44562
587 490 44982
588 12 45472
589 24 45484
590 36 45508
591 48 45544
592 60 45592
593 72 45652
594 84 45724
595 24 45808
596 48 45832
597 72 45880
598 96 45952
599 120 46048
600 144 46168
601 168 46312
602 36 46480
603 72 46516
604 108 46588
605 144 46696
606 180 46840
607 216 47020
608 252 47236
609 48 47488
610 96 47536
611 144 47632
612 192 47776
613 240 47968
614 288 48208
615 336 48496
616 60 48832
617 120 48892
618 180 49012
619 240 49192
620 300 49432
621 360 49732
622 420 50092
623 72 50512
624 144 50584
625 216 50728
626 288 50944
627 360 51232
628 432 51592
629 504 52024
630 84 52528
631 168 52612
632 252 52780
633 336 53032
634 420 53368
635 504 53788
636 588 54292
637 14 54880
638 28 54894
639 42 54922
640 56 54964
641 70 55020
642 84 55090
643 98 55174
644 28 55272
645 56 55300
646 84 55356
647 112 55440
648 140 55552
649 168 55692
650 196 55860
651 42 56056
652 84 56098
653 126 56182
654 168 56308
655 210 56476
656 252 56686
657 294 56938
658 56 57232
659 112 57288
660 168 57400
661 224 57568
662 280 57792
663 336 58072
664 392 58408
665 70 58800
666 140 58870
667 210 59010
668 280 59220
669 350 59500
670 420 59850
671 490 60270
672 84 60760
673 168 60844
674 252 61012
675 336 61264
676 420 61600
677 504 62020
678 588 62524
679 98 63112
680 196 63210
681 294 63406
682 392 63700
683 490 64092
684 588 64582
685 686 65170
686 3 65856
687 6 65859
688 9 65865
689 12 65874
690 15 65886
691 18 65901
692 21 65919
693 6 65940
694 12 65946
695 18 65958
696 24 65976
697 30 66000
698 36 66030
699 42 66066
700 9 66108
701 18 66117
702 27 66135
703 36 66162
704 45 66198
705 54 66243
706 63 66297
707 12 66360
708 24 66372
709 36 66396
710 48 66432
711 60 66480
712 72 66540
713 84 66612
714 15 66696
715 30 66711
716 45 66741
717 60 66786
718 75 66846
719 90 66921
720 105 67011
721 18 67116
722 36 67134
723 54 67170
724 72 67224
725 90 67296
726 108 67386
727 126 67494
728 21 67620
729 42 67641
730 63 67683
731 84 67746
732 105 67830
733 126 67935
734 147 68061
735 6 68208
736 12 68214
737 18 68226
738 24 68244
739 30 68268
740 36 68298
741 42 68334
742 12 68376
743 24 68388
744 36 68412
745 48 68448
746 60 68496
747 72 68556
748 84 68628
749 18 68712
750 36 68730
751 54 68766
752 72 68820
753 90 68892
754 108 68982
755 126 69090
756 24 69216
757 48 69240
758 72 69288
759 96 69360
760 120 69456
761 144 69576
762 168 69720
763 30 69888
764 60 69918
765 90 69978
766 120 70068
767 150 70188
768 180 70338
769 210 70518
770 36 70728
771 72 70764
772 108 70836
773 144 70944
774 180 71088
775 216 71268
776 252 71484
777 42 71736
778 84 71778
779 126 71862
780 168 71988
781 210 72156
782 252 72366
783 294 72618
784 9 72912
785 18 72921
786 27 72939
787 36 72966
788 45 73002
789 54 73047
790 63 73101
791 18 73164
792 36 73182
793 54 73218
794 72 73272
795 90 73344
796 108 73434
797 126 73542
798 27 73668
799 54 73695
800 81 73749
801 108 73830
802 135 73938
803 162 74073
804 189 74235
805 36 74424
806 72 74460
807 108 74532
808 144 74640
809 180 74784
810 216 74964
811 252 75180
812 45 75432
813 90 75477
814 135 75567
815 180 75702
816 225 75882
817 270 76107
818 315 76377
819 54 76692
820 108 76746
821 162 76854
822 216 77016
823 270 77232
824 324 77502
825 378 77826
826 63 78204
827 126 78267
828 189 78393
829 252 78582
830 315 78834
831 378 79149
832 441 79527
833 12 79968
834 24 79980
835 36 80004
836 48 80040
837 60 80088
838 72 80148
839 84 80220
840 24 80304
841 48 80328
842 72 80376
843 96 80448
844 120 80544
845 144 80664
846 168 80808
847 36 80976
848 72 81012
849 108 81084
850 144 81192
851 180 81336
852 216 81516
853 252 81732
854 48 81984
855 96 82032
856 144 82128
857 192 82272
858 240 82464
859 288 82704
860 336 82992
861 60 83328
862 120 83388
863 180 83508
864 240 83688
865 300 83928
866 360 84228
867 420 84588
868 72 85008
869 144 85080
870 216 85224
871 288 85440
872 360 85728
873 432 86088
874 504 86520
875 84 87024
876 168 87108
877 252 87276
878 336 87528
879 420 87864
880 504 88284
881 588 88788
882 15 89376
883 30 89391
884 45 89421
885 60 89466
886 75 89526
887 90 89601
888 105 89691
889 30 89796
890 60 89826
891 90 89886
892 120 89976
893 150 90096
894 180 90246
895 210 90426
896 45 90636
897 90 90681
898 135 90771
899 180 90906
900 225 91086
901 270 91311
902 315 91581
903 60 91896
904 120 91956
905 180 92076
906 240 92256
907 300 92496
908 360 92796
909 420 93156
910 75 93576
911 150 93651
912 225 93801
913 300 94026
914 375 94326
915 450 94701
916 525 95151
917 90 95676
918 180 95766
919 270 95946
920 360 96216
921 450 96576
922 540 97026
923 630 97566
924 105 98196
925 210 98301
926 315 98511
927 420 98826
928 525 99246
929 630 99771
930 735 100401
931 18 101136
932 36 101154
933 54 101190
934 72 101244
935 90 101316
936 108 101406
937 126 101514
938 36 101640
939 72 101676
940 108 101748
941 144 101856
942 180 102000
943 216 102180
944 252 102396
945 54 102648
946 108 102702
947 162 102810
948 216 102972
949 270 103188
950 324 103458
951 378 103782
952 72 104160
953 144 104232
954 216 104376
955 288 104592
956 360 104880
957 432 105240
958 504 105672
959 90 106176
960 180 106266
961 270 106446
962 360 106716
963 450 107076
964 540 107526
965 630 108066
966 108 108696
967 216 108804
968 324 109020
969 432 109344
970 540 109776
971 648 110316
972 756 110964
973 126 111720
974 252 111846
975 378 112098
976 504 112476
977 630 112980
978 756 113610
979 882 114366
980 21 115248
981 42 115269
982 63 115311
983 84 115374
984 105 115458
985 126 115563
986 147 115689
987 42 115836
988 84 115878
989 126 115962
990 168 116088
991 210 116256
992 252 116466
993 294 116718
994 63 117012
995 126 117075
996 189 117201
997 252 117390
998 315 117642
999 378 117957
/////////: 118335
