0 1 
1 2 
2 3 
3 4 
4 5 
5 6 
6 7 
7 2 
8 4 
9 6 
10 8 
11 10 
12 12 
13 14 
14 3 
15 6 
16 9 
17 12 
18 15 
19 18 
20 21 
21 4 
22 8 
23 12 
24 16 
25 20 
26 24 
27 28 
28 5 
29 10 
30 15 
31 20 
32 25 
33 30 
34 35 
35 6 
36 12 
37 18 
38 24 
39 30 
40 36 
41 42 
42 7 
43 14 
44 21 
45 28 
46 35 
47 42 
48 49 
49 2 
50 4 
51 6 
52 8 
53 10 
54 12 
55 14 
56 4 
57 8 
58 12 
59 16 
60 20 
61 24 
62 28 
63 6 
64 12 
65 18 
66 24 
67 30 
68 36 
69 42 
70 8 
71 16 
72 24 
73 32 
74 40 
75 48 
76 56 
77 10 
78 20 
79 30 
80 40 
81 50 
82 60 
83 70 
84 12 
85 24 
86 36 
87 48 
88 60 
89 72 
90 84 
91 14 
92 28 
93 42 
94 56 
95 70 
96 84 
97 98 
98 3 
99 6 
100 9 
101 12 
102 15 
103 18 
104 21 
105 6 
106 12 
107 18 
108 24 
109 30 
110 36 
111 42 
112 9 
113 18 
114 27 
115 36 
116 45 
117 54 
118 63 
119 12 
120 24 
121 36 
122 48 
123 60 
124 72 
125 84 
126 15 
127 30 
128 45 
129 60 
130 75 
131 90 
132 105 
133 18 
134 36 
135 54 
136 72 
137 90 
138 108 
139 126 
140 21 
141 42 
142 63 
143 84 
144 105 
145 126 
146 147 
147 4 
148 8 
149 12 
150 16 
151 20 
152 24 
153 28 
154 8 
155 16 
156 24 
157 32 
158 40 
159 48 
160 56 
161 12 
162 24 
163 36 
164 48 
165 60 
166 72 
167 84 
168 16 
169 32 
170 48 
171 64 
172 80 
173 96 
174 112 
175 20 
176 40 
177 60 
178 80 
179 100 
180 120 
181 140 
182 24 
183 48 
184 72 
185 96 
186 120 
187 144 
188 168 
189 28 
190 56 
191 84 
192 112 
193 140 
194 168 
195 196 
196 5 
197 10 
198 15 
199 20 
200 25 
201 30 
202 35 
203 10 
204 20 
205 30 
206 40 
207 50 
208 60 
209 70 
210 15 
211 30 
212 45 
213 60 
214 75 
215 90 
216 105 
217 20 
218 40 
219 60 
220 80 
221 100 
222 120 
223 140 
224 25 
225 50 
226 75 
227 100 
228 125 
229 150 
230 175 
231 30 
232 60 
233 90 
234 120 
235 150 
236 180 
237 210 
238 35 
239 70 
240 105 
241 140 
242 175 
243 210 
244 245 
245 6 
246 12 
247 18 
248 24 
249 30 
250 36 
251 42 
252 12 
253 24 
254 36 
255 48 
256 60 
257 72 
258 84 
259 18 
260 36 
261 54 
262 72 
263 90 
264 108 
265 126 
266 24 
267 48 
268 72 
269 96 
270 120 
271 144 
272 168 
273 30 
274 60 
275 90 
276 120 
277 150 
278 180 
279 210 
280 36 
281 72 
282 108 
283 144 
284 180 
285 216 
286 252 
287 42 
288 84 
289 126 
290 168 
291 210 
292 252 
293 294 
294 7 
295 14 
296 21 
297 28 
298 35 
299 42 
300 49 
301 14 
302 28 
303 42 
304 56 
305 70 
306 84 
307 98 
308 21 
309 42 
310 63 
311 84 
312 105 
313 126 
314 147 
315 28 
316 56 
317 84 
318 112 
319 140 
320 168 
321 196 
322 35 
323 70 
324 105 
325 140 
326 175 
327 210 
328 245 
329 42 
330 84 
331 126 
332 168 
333 210 
334 252 
335 294 
336 49 
337 98 
338 147 
339 196 
340 245 
341 294 
342 343 
343 8 
344 16 
345 24 
346 32 
347 40 
348 48 
349 56 
350 16 
351 32 
352 48 
353 64 
354 80 
355 96 
356 112 
357 24 
358 48 
359 72 
360 96 
361 120 
362 144 
363 168 
364 32 
365 64 
366 96 
367 128 
368 160 
369 192 
370 224 
371 40 
372 80 
373 120 
374 160 
375 200 
376 240 
377 280 
378 48 
379 96 
380 144 
381 192 
382 240 
383 288 
384 336 
385 56 
386 112 
387 168 
388 224 
389 280 
390 336 
391 392 
392 9 
393 18 
394 27 
395 36 
396 45 
397 54 
398 63 
399 18 
400 36 
401 54 
402 72 
403 90 
404 108 
405 126 
406 27 
407 54 
408 81 
409 108 
410 135 
411 162 
412 189 
413 36 
414 72 
415 108 
416 144 
417 180 
418 216 
419 252 
420 45 
421 90 
422 135 
423 180 
424 225 
425 270 
426 315 
427 54 
428 108 
429 162 
430 216 
431 270 
432 324 
433 378 
434 63 
435 126 
436 189 
437 252 
438 315 
439 378 
440 441 
441 10 
442 20 
443 30 
444 40 
445 50 
446 60 
447 70 
448 20 
449 40 
450 60 
451 80 
452 100 
453 120 
454 140 
455 30 
456 60 
457 90 
458 120 
459 150 
460 180 
461 210 
462 40 
463 80 
464 120 
465 160 
466 200 
467 240 
468 280 
469 50 
470 100 
471 150 
472 200 
473 250 
474 300 
475 350 
476 60 
477 120 
478 180 
479 240 
480 300 
481 360 
482 420 
483 70 
484 140 
485 210 
486 280 
487 350 
488 420 
489 490 
490 11 
491 22 
492 33 
493 44 
494 55 
495 66 
496 77 
497 22 
498 44 
499 66 
500 88 
501 110 
502 132 
503 154 
504 33 
505 66 
506 99 
507 132 
508 165 
509 198 
510 231 
511 44 
512 88 
513 132 
514 176 
515 220 
516 264 
517 308 
518 55 
519 110 
520 165 
521 220 
522 275 
523 330 
524 385 
525 66 
526 132 
527 198 
528 264 
529 330 
530 396 
531 462 
532 77 
533 154 
534 231 
535 308 
536 385 
537 462 
538 539 
539 12 
540 24 
541 36 
542 48 
543 60 
544 72 
545 84 
546 24 
547 48 
548 72 
549 96 
550 120 
551 144 
552 168 
553 36 
554 72 
555 108 
556 144 
557 180 
558 216 
559 252 
560 48 
561 96 
562 144 
563 192 
564 240 
565 288 
566 336 
567 60 
568 120 
569 180 
570 240 
571 300 
572 360 
573 420 
574 72 
575 144 
576 216 
577 288 
578 360 
579 432 
580 504 
581 84 
582 168 
583 252 
584 336 
585 420 
586 504 
587 588 
588 13 
589 26 
590 39 
591 52 
592 65 
593 78 
594 91 
595 26 
596 52 
597 78 
598 104 
599 130 
600 156 
601 182 
602 39 
603 78 
604 117 
605 156 
606 195 
607 234 
608 273 
609 52 
610 104 
611 156 
612 208 
613 260 
614 312 
615 364 
616 65 
617 130 
618 195 
619 260 
620 325 
621 390 
622 455 
623 78 
624 156 
625 234 
626 312 
627 390 
628 468 
629 546 
630 91 
631 182 
632 273 
633 364 
634 455 
635 546 
636 637 
637 14 
638 28 
639 42 
640 56 
641 70 
642 84 
643 98 
644 28 
645 56 
646 84 
647 112 
648 140 
649 168 
650 196 
651 42 
652 84 
653 126 
654 168 
655 210 
656 252 
657 294 
658 56 
659 112 
660 168 
661 224 
662 280 
663 336 
664 392 
665 70 
666 140 
667 210 
668 280 
669 350 
670 420 
671 490 
672 84 
673 168 
674 252 
675 336 
676 420 
677 504 
678 588 
679 98 
680 196 
681 294 
682 392 
683 490 
684 588 
685 686 
686 15 
687 30 
688 45 
689 60 
690 75 
691 90 
692 105 
693 30 
694 60 
695 90 
696 120 
697 150 
698 180 
699 210 
700 45 
701 90 
702 135 
703 180 
704 225 
705 270 
706 315 
707 60 
708 120 
709 180 
710 240 
711 300 
712 360 
713 420 
714 75 
715 150 
716 225 
717 300 
718 375 
719 450 
720 525 
721 90 
722 180 
723 270 
724 360 
725 450 
726 540 
727 630 
728 105 
729 210 
730 315 
731 420 
732 525 
733 630 
734 735 
735 16 
736 32 
737 48 
738 64 
739 80 
740 96 
741 112 
742 32 
743 64 
744 96 
745 128 
746 160 
747 192 
748 224 
749 48 
750 96 
751 144 
752 192 
753 240 
754 288 
755 336 
756 64 
757 128 
758 192 
759 256 
760 320 
761 384 
762 448 
763 80 
764 160 
765 240 
766 320 
767 400 
768 480 
769 560 
770 96 
771 192 
772 288 
773 384 
774 480 
775 576 
776 672 
777 112 
778 224 
779 336 
780 448 
781 560 
782 672 
783 784 
784 17 
785 34 
786 51 
787 68 
788 85 
789 102 
790 119 
791 34 
792 68 
793 102 
794 136 
795 170 
796 204 
797 238 
798 51 
799 102 
800 153 
801 204 
802 255 
803 306 
804 357 
805 68 
806 136 
807 204 
808 272 
809 340 
810 408 
811 476 
812 85 
813 170 
814 255 
815 340 
816 425 
817 510 
818 595 
819 102 
820 204 
821 306 
822 408 
823 510 
824 612 
825 714 
826 119 
827 238 
828 357 
829 476 
830 595 
831 714 
832 833 
833 18 
834 36 
835 54 
836 72 
837 90 
838 108 
839 126 
840 36 
841 72 
842 108 
843 144 
844 180 
845 216 
846 252 
847 54 
848 108 
849 162 
850 216 
851 270 
852 324 
853 378 
854 72 
855 144 
856 216 
857 288 
858 360 
859 432 
860 504 
861 90 
862 180 
863 270 
864 360 
865 450 
866 540 
867 630 
868 108 
869 216 
870 324 
871 432 
872 540 
873 648 
874 756 
875 126 
876 252 
877 378 
878 504 
879 630 
880 756 
881 882 
882 19 
883 38 
884 57 
885 76 
886 95 
887 114 
888 133 
889 38 
890 76 
891 114 
892 152 
893 190 
894 228 
895 266 
896 57 
897 114 
898 171 
899 228 
900 285 
901 342 
902 399 
903 76 
904 152 
905 228 
906 304 
907 380 
908 456 
909 532 
910 95 
911 190 
912 285 
913 380 
914 475 
915 570 
916 665 
917 114 
918 228 
919 342 
920 456 
921 570 
922 684 
923 798 
924 133 
925 266 
926 399 
927 532 
928 665 
929 798 
930 931 
931 20 
932 40 
933 60 
934 80 
935 100 
936 120 
937 140 
938 40 
939 80 
940 120 
941 160 
942 200 
943 240 
944 280 
945 60 
946 120 
947 180 
948 240 
949 300 
950 360 
951 420 
952 80 
953 160 
954 240 
955 320 
956 400 
957 480 
958 560 
959 100 
960 200 
961 300 
962 400 
963 500 
964 600 
965 700 
966 120 
967 240 
968 360 
969 480 
970 600 
971 720 
972 840 
973 140 
974 280 
975 420 
976 560 
977 700 
978 840 
979 980 
980 21 
981 42 
982 63 
983 84 
984 105 
985 126 
986 147 
987 42 
988 84 
989 126 
990 168 
991 210 
992 252 
993 294 
994 63 
995 126 
996 189 
997 252 
998 315 
999 378 
1000 441 
1001 84 
1002 168 
1003 252 
1004 336 
1005 420 
1006 504 
1007 588 
1008 105 
1009 210 
1010 315 
1011 420 
1012 525 
1013 630 
1014 735 
1015 126 
1016 252 
1017 378 
1018 504 
1019 630 
1020 756 
1021 882 
1022 147 
1023 294 
1024 441 
1025 588 
1026 735 
1027 882 
1028 1029 
1029 22 
1030 44 
1031 66 
1032 88 
1033 110 
1034 132 
1035 154 
1036 44 
1037 88 
1038 132 
1039 176 
1040 220 
1041 264 
1042 308 
1043 66 
1044 132 
1045 198 
1046 264 
1047 330 
1048 396 
1049 462 
1050 88 
1051 176 
1052 264 
1053 352 
1054 440 
1055 528 
1056 616 
1057 110 
1058 220 
1059 330 
1060 440 
1061 550 
1062 660 
1063 770 
1064 132 
1065 264 
1066 396 
1067 528 
1068 660 
1069 792 
1070 924 
1071 154 
1072 308 
1073 462 
1074 616 
1075 770 
1076 924 
1077 1078 
1078 23 
1079 46 
1080 69 
1081 92 
1082 115 
1083 138 
1084 161 
1085 46 
1086 92 
1087 138 
1088 184 
1089 230 
1090 276 
1091 322 
1092 69 
1093 138 
1094 207 
1095 276 
1096 345 
1097 414 
1098 483 
1099 92 
1100 184 
1101 276 
1102 368 
1103 460 
1104 552 
1105 644 
1106 115 
1107 230 
1108 345 
1109 460 
1110 575 
1111 690 
1112 805 
1113 138 
1114 276 
1115 414 
1116 552 
1117 690 
1118 828 
1119 966 
1120 161 
1121 322 
1122 483 
1123 644 
1124 805 
1125 966 
1126 1127 
1127 24 
1128 48 
1129 72 
1130 96 
1131 120 
1132 144 
1133 168 
1134 48 
1135 96 
1136 144 
1137 192 
1138 240 
1139 288 
1140 336 
1141 72 
1142 144 
1143 216 
1144 288 
1145 360 
1146 432 
1147 504 
1148 96 
1149 192 
1150 288 
1151 384 
1152 480 
1153 576 
1154 672 
1155 120 
1156 240 
1157 360 
1158 480 
1159 600 
1160 720 
1161 840 
1162 144 
1163 288 
1164 432 
1165 576 
1166 720 
1167 864 
1168 1008 
1169 168 
1170 336 
1171 504 
1172 672 
1173 840 
1174 1008 
1175 1176 
1176 25 
1177 50 
1178 75 
1179 100 
1180 125 
1181 150 
1182 175 
1183 50 
1184 100 
1185 150 
1186 200 
1187 250 
1188 300 
1189 350 
1190 75 
1191 150 
1192 225 
1193 300 
1194 375 
1195 450 
1196 525 
1197 100 
1198 200 
1199 300 
1200 400 
1201 500 
1202 600 
1203 700 
1204 125 
1205 250 
1206 375 
1207 500 
1208 625 
1209 750 
1210 875 
1211 150 
1212 300 
1213 450 
1214 600 
1215 750 
1216 900 
1217 1050 
1218 175 
1219 350 
1220 525 
1221 700 
1222 875 
1223 1050 
1224 1225 
1225 26 
1226 52 
1227 78 
1228 104 
1229 130 
1230 156 
1231 182 
1232 52 
1233 104 
1234 156 
1235 208 
1236 260 
1237 312 
1238 364 
1239 78 
1240 156 
1241 234 
1242 312 
1243 390 
1244 468 
1245 546 
1246 104 
1247 208 
1248 312 
1249 416 
1250 520 
1251 624 
1252 728 
1253 130 
1254 260 
1255 390 
1256 520 
1257 650 
1258 780 
1259 910 
1260 156 
1261 312 
1262 468 
1263 624 
1264 780 
1265 936 
1266 1092 
1267 182 
1268 364 
1269 546 
1270 728 
1271 910 
1272 1092 
1273 1274 
1274 27 
1275 54 
1276 81 
1277 108 
1278 135 
1279 162 
1280 189 
1281 54 
1282 108 
1283 162 
1284 216 
1285 270 
1286 324 
1287 378 
1288 81 
1289 162 
1290 243 
1291 324 
1292 405 
1293 486 
1294 567 
1295 108 
1296 216 
1297 324 
1298 432 
1299 540 
1300 648 
1301 756 
1302 135 
1303 270 
1304 405 
1305 540 
1306 675 
1307 810 
1308 945 
1309 162 
1310 324 
1311 486 
1312 648 
1313 810 
1314 972 
1315 1134 
1316 189 
1317 378 
1318 567 
1319 756 
1320 945 
1321 1134 
1322 1323 
1323 28 
1324 56 
1325 84 
1326 112 
1327 140 
1328 168 
1329 196 
1330 56 
1331 112 
1332 168 
1333 224 
1334 280 
1335 336 
1336 392 
1337 84 
1338 168 
1339 252 
1340 336 
1341 420 
1342 504 
1343 588 
1344 112 
1345 224 
1346 336 
1347 448 
1348 560 
1349 672 
1350 784 
1351 140 
1352 280 
1353 420 
1354 560 
1355 700 
1356 840 
1357 980 
1358 168 
1359 336 
1360 504 
1361 672 
1362 840 
1363 1008 
1364 1176 
1365 196 
1366 392 
1367 588 
1368 784 
1369 980 
1370 1176 
1371 1372 
1372 29 
1373 58 
1374 87 
1375 116 
1376 145 
1377 174 
1378 203 
1379 58 
1380 116 
1381 174 
1382 232 
1383 290 
1384 348 
1385 406 
1386 87 
1387 174 
1388 261 
1389 348 
1390 435 
1391 522 
1392 609 
1393 116 
1394 232 
1395 348 
1396 464 
1397 580 
1398 696 
1399 812 
1400 145 
1401 290 
1402 435 
1403 580 
1404 725 
1405 870 
1406 1015 
1407 174 
1408 348 
1409 522 
1410 696 
1411 870 
1412 1044 
1413 1218 
1414 203 
1415 406 
1416 609 
1417 812 
1418 1015 
1419 1218 
1420 1421 
1421 30 
1422 60 
1423 90 
1424 120 
1425 150 
1426 180 
1427 210 
1428 60 
1429 120 
1430 180 
1431 240 
1432 300 
1433 360 
1434 420 
1435 90 
1436 180 
1437 270 
1438 360 
1439 450 
1440 540 
1441 630 
1442 120 
1443 240 
1444 360 
1445 480 
1446 600 
1447 720 
1448 840 
1449 150 
1450 300 
1451 450 
1452 600 
1453 750 
1454 900 
1455 1050 
1456 180 
1457 360 
1458 540 
1459 720 
1460 900 
1461 1080 
1462 1260 
1463 210 
1464 420 
1465 630 
1466 840 
1467 1050 
1468 1260 
1469 1470 
1470 31 
1471 62 
1472 93 
1473 124 
1474 155 
1475 186 
1476 217 
1477 62 
1478 124 
1479 186 
1480 248 
1481 310 
1482 372 
1483 434 
1484 93 
1485 186 
1486 279 
1487 372 
1488 465 
1489 558 
1490 651 
1491 124 
1492 248 
1493 372 
1494 496 
1495 620 
1496 744 
1497 868 
1498 155 
1499 310 
1500 465 
1501 620 
1502 775 
1503 930 
1504 1085 
1505 186 
1506 372 
1507 558 
1508 744 
1509 930 
1510 1116 
1511 1302 
1512 217 
1513 434 
1514 651 
1515 868 
1516 1085 
1517 1302 
1518 1519 
1519 32 
1520 64 
1521 96 
1522 128 
1523 160 
1524 192 
1525 224 
1526 64 
1527 128 
1528 192 
1529 256 
1530 320 
1531 384 
1532 448 
1533 96 
1534 192 
1535 288 
1536 384 
1537 480 
1538 576 
1539 672 
1540 128 
1541 256 
1542 384 
1543 512 
1544 640 
1545 768 
1546 896 
1547 160 
1548 320 
1549 480 
1550 640 
1551 800 
1552 960 
1553 1120 
1554 192 
1555 384 
1556 576 
1557 768 
1558 960 
1559 1152 
1560 1344 
1561 224 
1562 448 
1563 672 
1564 896 
1565 1120 
1566 1344 
1567 1568 
1568 33 
1569 66 
1570 99 
1571 132 
1572 165 
1573 198 
1574 231 
1575 66 
1576 132 
1577 198 
1578 264 
1579 330 
1580 396 
1581 462 
1582 99 
1583 198 
1584 297 
1585 396 
1586 495 
1587 594 
1588 693 
1589 132 
1590 264 
1591 396 
1592 528 
1593 660 
1594 792 
1595 924 
1596 165 
1597 330 
1598 495 
1599 660 
1600 825 
1601 990 
1602 1155 
1603 198 
1604 396 
1605 594 
1606 792 
1607 990 
1608 1188 
1609 1386 
1610 231 
1611 462 
1612 693 
1613 924 
1614 1155 
1615 1386 
1616 1617 
1617 34 
1618 68 
1619 102 
1620 136 
1621 170 
1622 204 
1623 238 
1624 68 
1625 136 
1626 204 
1627 272 
1628 340 
1629 408 
1630 476 
1631 102 
1632 204 
1633 306 
1634 408 
1635 510 
1636 612 
1637 714 
1638 136 
1639 272 
1640 408 
1641 544 
1642 680 
1643 816 
1644 952 
1645 170 
1646 340 
1647 510 
1648 680 
1649 850 
1650 1020 
1651 1190 
1652 204 
1653 408 
1654 612 
1655 816 
1656 1020 
1657 1224 
1658 1428 
1659 238 
1660 476 
1661 714 
1662 952 
1663 1190 
1664 1428 
1665 1666 
1666 35 
1667 70 
1668 105 
1669 140 
1670 175 
1671 210 
1672 245 
1673 70 
1674 140 
1675 210 
1676 280 
1677 350 
1678 420 
1679 490 
1680 105 
1681 210 
1682 315 
1683 420 
1684 525 
1685 630 
1686 735 
1687 140 
1688 280 
1689 420 
1690 560 
1691 700 
1692 840 
1693 980 
1694 175 
1695 350 
1696 525 
1697 700 
1698 875 
1699 1050 
1700 1225 
1701 210 
1702 420 
1703 630 
1704 840 
1705 1050 
1706 1260 
1707 1470 
1708 245 
1709 490 
1710 735 
1711 980 
1712 1225 
1713 1470 
1714 1715 
1715 36 
1716 72 
1717 108 
1718 144 
1719 180 
1720 216 
1721 252 
1722 72 
1723 144 
1724 216 
1725 288 
1726 360 
1727 432 
1728 504 
1729 108 
1730 216 
1731 324 
1732 432 
1733 540 
1734 648 
1735 756 
1736 144 
1737 288 
1738 432 
1739 576 
1740 720 
1741 864 
1742 1008 
1743 180 
1744 360 
1745 540 
1746 720 
1747 900 
1748 1080 
1749 1260 
1750 216 
1751 432 
1752 648 
1753 864 
1754 1080 
1755 1296 
1756 1512 
1757 252 
1758 504 
1759 756 
1760 1008 
1761 1260 
1762 1512 
1763 1764 
1764 37 
1765 74 
1766 111 
1767 148 
1768 185 
1769 222 
1770 259 
1771 74 
1772 148 
1773 222 
1774 296 
1775 370 
1776 444 
1777 518 
1778 111 
1779 222 
1780 333 
1781 444 
1782 555 
1783 666 
1784 777 
1785 148 
1786 296 
1787 444 
1788 592 
1789 740 
1790 888 
1791 1036 
1792 185 
1793 370 
1794 555 
1795 740 
1796 925 
1797 1110 
1798 1295 
1799 222 
1800 444 
1801 666 
1802 888 
1803 1110 
1804 1332 
1805 1554 
1806 259 
1807 518 
1808 777 
1809 1036 
1810 1295 
1811 1554 
1812 1813 
1813 38 
1814 76 
1815 114 
1816 152 
1817 190 
1818 228 
1819 266 
1820 76 
1821 152 
1822 228 
1823 304 
1824 380 
1825 456 
1826 532 
1827 114 
1828 228 
1829 342 
1830 456 
1831 570 
1832 684 
1833 798 
1834 152 
1835 304 
1836 456 
1837 608 
1838 760 
1839 912 
1840 1064 
1841 190 
1842 380 
1843 570 
1844 760 
1845 950 
1846 1140 
1847 1330 
1848 228 
1849 456 
1850 684 
1851 912 
1852 1140 
1853 1368 
1854 1596 
1855 266 
1856 532 
1857 798 
1858 1064 
1859 1330 
1860 1596 
1861 1862 
1862 39 
1863 78 
1864 117 
1865 156 
1866 195 
1867 234 
1868 273 
1869 78 
1870 156 
1871 234 
1872 312 
1873 390 
1874 468 
1875 546 
1876 117 
1877 234 
1878 351 
1879 468 
1880 585 
1881 702 
1882 819 
1883 156 
1884 312 
1885 468 
1886 624 
1887 780 
1888 936 
1889 1092 
1890 195 
1891 390 
1892 585 
1893 780 
1894 975 
1895 1170 
1896 1365 
1897 234 
1898 468 
1899 702 
1900 936 
1901 1170 
1902 1404 
1903 1638 
1904 273 
1905 546 
1906 819 
1907 1092 
1908 1365 
1909 1638 
1910 1911 
1911 40 
1912 80 
1913 120 
1914 160 
1915 200 
1916 240 
1917 280 
1918 80 
1919 160 
1920 240 
1921 320 
1922 400 
1923 480 
1924 560 
1925 120 
1926 240 
1927 360 
1928 480 
1929 600 
1930 720 
1931 840 
1932 160 
1933 320 
1934 480 
1935 640 
1936 800 
1937 960 
1938 1120 
1939 200 
1940 400 
1941 600 
1942 800 
1943 1000 
1944 1200 
1945 1400 
1946 240 
1947 480 
1948 720 
1949 960 
1950 1200 
1951 1440 
1952 1680 
1953 280 
1954 560 
1955 840 
1956 1120 
1957 1400 
1958 1680 
1959 1960 
1960 41 
1961 82 
1962 123 
1963 164 
1964 205 
1965 246 
1966 287 
1967 82 
1968 164 
1969 246 
1970 328 
1971 410 
1972 492 
1973 574 
1974 123 
1975 246 
1976 369 
1977 492 
1978 615 
1979 738 
1980 861 
1981 164 
1982 328 
1983 492 
1984 656 
1985 820 
1986 984 
1987 1148 
1988 205 
1989 410 
1990 615 
1991 820 
1992 1025 
1993 1230 
1994 1435 
1995 246 
1996 492 
1997 738 
1998 984 
1999 1230 
663790
